<?xml version="1.0" encoding="UTF-8" ?>
<testsuite errors="0" failures="0" hostname="MacBook-Air-Tema.local" name="calculate.AreaCheckerTest" skipped="0" tests="2" time="0.039" timestamp="2026-05-16T12:42:47">
  <properties>
[...]
</properties>
  <testcase classname="calculate.AreaCheckerTest" name="pointOutsideAreaShouldMiss" time="0.002" />
  <testcase classname="calculate.AreaCheckerTest" name="pointInsideRectangleShouldHit" time="0.0" />
  <system-out><![CDATA[]]></system-out>
  <system-err><![CDATA[]]></system-err>
</testsuite>
